<?xml version="1.0" encoding="UTF-8"?>
<testsuite name="com.example.project.StudentTest" tests="7" skipped="0" failures="0" errors="0" timestamp="2024-10-01T13:05:44" hostname="codespaces-87e9c4" time="0.164">
  <properties/>
  <testcase name="testIsPassing()" classname="com.example.project.StudentTest" time="0.09"/>
  <testcase name="testGetLastName()" classname="com.example.project.StudentTest" time="0.009"/>
  <testcase name="testGetFirstName()" classname="com.example.project.StudentTest" time="0.01"/>
  <testcase name="testSAddTestScore()" classname="com.example.project.StudentTest" time="0.001"/>
  <testcase name="testGetHighestTestScore()" classname="com.example.project.StudentTest" time="0.001"/>
  <testcase name="testSetGradYear()" classname="com.example.project.StudentTest" time="0.008"/>
  <testcase name="testAverageTestScore()" classname="com.example.project.StudentTest" time="0.004"/>
  <system-out><![CDATA[]]></system-out>
  <system-err><![CDATA[]]></system-err>
</testsuite>
